This file contains any messages produced by compilers while
running configure, to aid debugging if configure makes a mistake.

It was created by test_main configure 1.0, which was
generated by GNU Autoconf 2.68.  Invocation command line was

  $ ./configure 

## --------- ##
## Platform. ##
## --------- ##

hostname = andre-VirtualBox
uname -m = i686
uname -r = 3.0.0-24-generic
uname -s = Linux
uname -v = #40-Ubuntu SMP Tue Jul 24 15:36:59 UTC 2012

/usr/bin/uname -p = unknown
/bin/uname -X     = unknown

/bin/arch              = unknown
/usr/bin/arch -k       = unknown
/usr/convex/getsysinfo = unknown
/usr/bin/hostinfo      = unknown
/bin/machine           = unknown
/usr/bin/oslevel       = unknown
/bin/universe          = unknown

PATH: /usr/local/bin
PATH: /usr/bin
PATH: /usr/lib/lightdm/lightdm
PATH: /usr/local/sbin
PATH: /usr/local/bin
PATH: /usr/sbin
PATH: /usr/bin
PATH: /sbin
PATH: /bin
PATH: /usr/games
PATH: /home/andre/.rvm/bin


## ----------- ##
## Core tests. ##
## ----------- ##

configure:1917: checking for a BSD-compatible install
configure:1985: result: /usr/bin/install -c
configure:1996: checking whether build environment is sane
configure:2046: result: yes
configure:2187: checking for a thread-safe mkdir -p
configure:2226: result: /bin/mkdir -p
configure:2239: checking for gawk
configure:2269: result: no
configure:2239: checking for mawk
configure:2255: found /usr/bin/mawk
configure:2266: result: mawk
configure:2277: checking whether make sets $(MAKE)
configure:2299: result: yes
configure:2432: checking for gcc
configure:2448: found /usr/bin/gcc
configure:2459: result: gcc
configure:2688: checking for C compiler version
configure:2697: gcc --version >&5
gcc (Ubuntu/Linaro 4.6.1-9ubuntu3) 4.6.1
Copyright (C) 2011 Free Software Foundation, Inc.
This is free software; see the source for copying conditions.  There is NO
warranty; not even for MERCHANTABILITY or FITNESS FOR A PARTICULAR PURPOSE.

configure:2708: $? = 0
configure:2697: gcc -v >&5
Using built-in specs.
COLLECT_GCC=gcc
COLLECT_LTO_WRAPPER=/usr/lib/gcc/i686-linux-gnu/4.6.1/lto-wrapper
Target: i686-linux-gnu
Configured with: ../src/configure -v --with-pkgversion='Ubuntu/Linaro 4.6.1-9ubuntu3' --with-bugurl=file:///usr/share/doc/gcc-4.6/README.Bugs --enable-languages=c,c++,fortran,objc,obj-c++,go --prefix=/usr --program-suffix=-4.6 --enable-shared --enable-linker-build-id --with-system-zlib --libexecdir=/usr/lib --without-included-gettext --enable-threads=posix --with-gxx-include-dir=/usr/include/c++/4.6 --libdir=/usr/lib --enable-nls --with-sysroot=/ --enable-clocale=gnu --enable-libstdcxx-debug --enable-libstdcxx-time=yes --enable-plugin --enable-objc-gc --enable-targets=all --disable-werror --with-arch-32=i686 --with-tune=generic --enable-checking=release --build=i686-linux-gnu --host=i686-linux-gnu --target=i686-linux-gnu
Thread model: posix
gcc version 4.6.1 (Ubuntu/Linaro 4.6.1-9ubuntu3) 
configure:2708: $? = 0
configure:2697: gcc -V >&5
gcc: error: unrecognized option '-V'
gcc: fatal error: no input files
compilation terminated.
configure:2708: $? = 4
configure:2697: gcc -qversion >&5
gcc: error: unrecognized option '-qversion'
gcc: fatal error: no input files
compilation terminated.
configure:2708: $? = 4
configure:2728: checking whether the C compiler works
configure:2750: gcc    conftest.c  >&5
configure:2754: $? = 0
configure:2802: result: yes
configure:2805: checking for C compiler default output file name
configure:2807: result: a.out
configure:2813: checking for suffix of executables
configure:2820: gcc -o conftest    conftest.c  >&5
configure:2824: $? = 0
configure:2846: result: 
configure:2868: checking whether we are cross compiling
configure:2876: gcc -o conftest    conftest.c  >&5
configure:2880: $? = 0
configure:2887: ./conftest
configure:2891: $? = 0
configure:2906: result: no
configure:2911: checking for suffix of object files
configure:2933: gcc -c   conftest.c >&5
configure:2937: $? = 0
configure:2958: result: o
configure:2962: checking whether we are using the GNU C compiler
configure:2981: gcc -c   conftest.c >&5
configure:2981: $? = 0
configure:2990: result: yes
configure:2999: checking whether gcc accepts -g
configure:3019: gcc -c -g  conftest.c >&5
configure:3019: $? = 0
configure:3060: result: yes
configure:3077: checking for gcc option to accept ISO C89
configure:3141: gcc  -c -g -O2  conftest.c >&5
configure:3141: $? = 0
configure:3154: result: none needed
configure:3185: checking for style of include used by make
configure:3213: result: GNU
configure:3238: checking dependency style of gcc
configure:3348: result: gcc3
configure:3370: checking for an ANSI C-conforming const
configure:3435: gcc -c -g -O2  conftest.c >&5
configure:3435: $? = 0
configure:3442: result: yes
configure:3454: checking for memset
configure:3454: gcc -o conftest -g -O2   conftest.c  >&5
conftest.c:34:6: warning: conflicting types for built-in function 'memset' [enabled by default]
configure:3454: $? = 0
configure:3454: result: yes
configure:3596: creating ./config.status

## ---------------------- ##
## Running config.status. ##
## ---------------------- ##

This file was extended by test_main config.status 1.0, which was
generated by GNU Autoconf 2.68.  Invocation command line was

  CONFIG_FILES    = 
  CONFIG_HEADERS  = 
  CONFIG_LINKS    = 
  CONFIG_COMMANDS = 
  $ ./config.status 

on andre-VirtualBox

config.status:847: creating Makefile
config.status:847: creating config.h
config.status:1076: executing depfiles commands

## ---------------- ##
## Cache variables. ##
## ---------------- ##

ac_cv_c_compiler_gnu=yes
ac_cv_c_const=yes
ac_cv_env_CC_set=
ac_cv_env_CC_value=
ac_cv_env_CFLAGS_set=
ac_cv_env_CFLAGS_value=
ac_cv_env_CPPFLAGS_set=
ac_cv_env_CPPFLAGS_value=
ac_cv_env_LDFLAGS_set=
ac_cv_env_LDFLAGS_value=
ac_cv_env_LIBS_set=
ac_cv_env_LIBS_value=
ac_cv_env_build_alias_set=
ac_cv_env_build_alias_value=
ac_cv_env_host_alias_set=
ac_cv_env_host_alias_value=
ac_cv_env_target_alias_set=
ac_cv_env_target_alias_value=
ac_cv_func_memset=yes
ac_cv_objext=o
ac_cv_path_install='/usr/bin/install -c'
ac_cv_path_mkdir=/bin/mkdir
ac_cv_prog_AWK=mawk
ac_cv_prog_ac_ct_CC=gcc
ac_cv_prog_cc_c89=
ac_cv_prog_cc_g=yes
ac_cv_prog_make_make_set=yes
am_cv_CC_dependencies_compiler_type=gcc3

## ----------------- ##
## Output variables. ##
## ----------------- ##

ACLOCAL='${SHELL} /home/andre/work/strlist_cmp/src/missing --run aclocal-1.11'
AMDEPBACKSLASH='\'
AMDEP_FALSE='#'
AMDEP_TRUE=''
AMTAR='${SHELL} /home/andre/work/strlist_cmp/src/missing --run tar'
AUTOCONF='${SHELL} /home/andre/work/strlist_cmp/src/missing --run autoconf'
AUTOHEADER='${SHELL} /home/andre/work/strlist_cmp/src/missing --run autoheader'
AUTOMAKE='${SHELL} /home/andre/work/strlist_cmp/src/missing --run automake-1.11'
AWK='mawk'
CC='gcc'
CCDEPMODE='depmode=gcc3'
CFLAGS='-g -O2'
CPPFLAGS=''
CYGPATH_W='echo'
DEFS='-DHAVE_CONFIG_H'
DEPDIR='.deps'
ECHO_C=''
ECHO_N='-n'
ECHO_T=''
EXEEXT=''
INSTALL_DATA='${INSTALL} -m 644'
INSTALL_PROGRAM='${INSTALL}'
INSTALL_SCRIPT='${INSTALL}'
INSTALL_STRIP_PROGRAM='$(install_sh) -c -s'
LDFLAGS=''
LIBOBJS=''
LIBS=''
LTLIBOBJS=''
MAKEINFO='${SHELL} /home/andre/work/strlist_cmp/src/missing --run makeinfo'
MKDIR_P='/bin/mkdir -p'
OBJEXT='o'
PACKAGE='test_main'
PACKAGE_BUGREPORT='tomohikoseven0905@gmail.com'
PACKAGE_NAME='test_main'
PACKAGE_STRING='test_main 1.0'
PACKAGE_TARNAME='test_main'
PACKAGE_URL=''
PACKAGE_VERSION='1.0'
PATH_SEPARATOR=':'
SET_MAKE=''
SHELL='/bin/bash'
STRIP=''
VERSION='1.0'
ac_ct_CC='gcc'
am__EXEEXT_FALSE=''
am__EXEEXT_TRUE='#'
am__fastdepCC_FALSE='#'
am__fastdepCC_TRUE=''
am__include='include'
am__isrc=''
am__leading_dot='.'
am__quote=''
am__tar='${AMTAR} chof - "$$tardir"'
am__untar='${AMTAR} xf -'
bindir='${exec_prefix}/bin'
build_alias=''
datadir='${datarootdir}'
datarootdir='${prefix}/share'
docdir='${datarootdir}/doc/${PACKAGE_TARNAME}'
dvidir='${docdir}'
exec_prefix='${prefix}'
host_alias=''
htmldir='${docdir}'
includedir='${prefix}/include'
infodir='${datarootdir}/info'
install_sh='${SHELL} /home/andre/work/strlist_cmp/src/install-sh'
libdir='${exec_prefix}/lib'
libexecdir='${exec_prefix}/libexec'
localedir='${datarootdir}/locale'
localstatedir='${prefix}/var'
mandir='${datarootdir}/man'
mkdir_p='/bin/mkdir -p'
oldincludedir='/usr/include'
pdfdir='${docdir}'
prefix='/usr/local'
program_transform_name='s,x,x,'
psdir='${docdir}'
sbindir='${exec_prefix}/sbin'
sharedstatedir='${prefix}/com'
sysconfdir='${prefix}/etc'
target_alias=''

## ----------- ##
## confdefs.h. ##
## ----------- ##

/* confdefs.h */
#define PACKAGE_NAME "test_main"
#define PACKAGE_TARNAME "test_main"
#define PACKAGE_VERSION "1.0"
#define PACKAGE_STRING "test_main 1.0"
#define PACKAGE_BUGREPORT "tomohikoseven0905@gmail.com"
#define PACKAGE_URL ""
#define PACKAGE "test_main"
#define VERSION "1.0"
#define HAVE_MEMSET 1

configure: exit 0
